{"/Users/michaelking-stockton/turing/mod4/pallet-picker/be-pallet-picker/app.js": {"path":"/Users/michaelking-stockton/turing/mod4/pallet-picker/be-pallet-picker/app.js","statementMap":{"0":{"start":{"line":1,"column":20},"end":{"line":1,"column":57}},"1":{"start":{"line":2,"column":22},"end":{"line":2,"column":56}},"2":{"start":{"line":3,"column":17},"end":{"line":3,"column":47}},"3":{"start":{"line":4,"column":16},"end":{"line":4,"column":34}},"4":{"start":{"line":5,"column":12},"end":{"line":5,"column":21}},"5":{"start":{"line":8,"column":13},"end":{"line":8,"column":28}},"6":{"start":{"line":10,"column":0},"end":{"line":10,"column":16}},"7":{"start":{"line":12,"column":0},"end":{"line":12,"column":24}},"8":{"start":{"line":14,"column":0},"end":{"line":16,"column":3}},"9":{"start":{"line":15,"column":2},"end":{"line":15,"column":34}},"10":{"start":{"line":18,"column":0},"end":{"line":28,"column":3}},"11":{"start":{"line":19,"column":2},"end":{"line":27,"column":3}},"12":{"start":{"line":20,"column":21},"end":{"line":20,"column":56}},"13":{"start":{"line":22,"column":4},"end":{"line":24,"column":5}},"14":{"start":{"line":23,"column":6},"end":{"line":23,"column":49}},"15":{"start":{"line":26,"column":4},"end":{"line":26,"column":52}},"16":{"start":{"line":30,"column":0},"end":{"line":47,"column":3}},"17":{"start":{"line":31,"column":15},"end":{"line":31,"column":29}},"18":{"start":{"line":33,"column":2},"end":{"line":46,"column":3}},"19":{"start":{"line":34,"column":20},"end":{"line":34,"column":71}},"20":{"start":{"line":36,"column":4},"end":{"line":38,"column":5}},"21":{"start":{"line":37,"column":6},"end":{"line":37,"column":48}},"22":{"start":{"line":39,"column":4},"end":{"line":43,"column":5}},"23":{"start":{"line":40,"column":6},"end":{"line":42,"column":9}},"24":{"start":{"line":45,"column":4},"end":{"line":45,"column":52}},"25":{"start":{"line":49,"column":0},"end":{"line":66,"column":3}},"26":{"start":{"line":50,"column":13},"end":{"line":50,"column":30}},"27":{"start":{"line":51,"column":26},"end":{"line":51,"column":68}},"28":{"start":{"line":53,"column":2},"end":{"line":57,"column":3}},"29":{"start":{"line":54,"column":4},"end":{"line":56,"column":7}},"30":{"start":{"line":59,"column":2},"end":{"line":65,"column":3}},"31":{"start":{"line":60,"column":4},"end":{"line":60,"column":61}},"32":{"start":{"line":61,"column":4},"end":{"line":61,"column":53}},"33":{"start":{"line":62,"column":4},"end":{"line":62,"column":32}},"34":{"start":{"line":64,"column":4},"end":{"line":64,"column":45}},"35":{"start":{"line":68,"column":0},"end":{"line":88,"column":3}},"36":{"start":{"line":69,"column":18},"end":{"line":69,"column":30}},"37":{"start":{"line":71,"column":2},"end":{"line":77,"column":3}},"38":{"start":{"line":72,"column":4},"end":{"line":76,"column":5}},"39":{"start":{"line":73,"column":6},"end":{"line":75,"column":43}},"40":{"start":{"line":78,"column":23},"end":{"line":78,"column":44}},"41":{"start":{"line":80,"column":2},"end":{"line":87,"column":3}},"42":{"start":{"line":81,"column":28},"end":{"line":82,"column":33}},"43":{"start":{"line":84,"column":4},"end":{"line":84,"column":62}},"44":{"start":{"line":86,"column":4},"end":{"line":86,"column":52}},"45":{"start":{"line":90,"column":0},"end":{"line":121,"column":3}},"46":{"start":{"line":91,"column":24},"end":{"line":91,"column":36}},"47":{"start":{"line":92,"column":22},"end":{"line":92,"column":39}},"48":{"start":{"line":94,"column":2},"end":{"line":101,"column":3}},"49":{"start":{"line":95,"column":4},"end":{"line":100,"column":5}},"50":{"start":{"line":96,"column":6},"end":{"line":99,"column":9}},"51":{"start":{"line":103,"column":2},"end":{"line":120,"column":3}},"52":{"start":{"line":104,"column":20},"end":{"line":104,"column":79}},"53":{"start":{"line":106,"column":4},"end":{"line":117,"column":5}},"54":{"start":{"line":107,"column":6},"end":{"line":108,"column":36}},"55":{"start":{"line":110,"column":21},"end":{"line":110,"column":79}},"56":{"start":{"line":112,"column":6},"end":{"line":112,"column":47}},"57":{"start":{"line":113,"column":11},"end":{"line":117,"column":5}},"58":{"start":{"line":114,"column":6},"end":{"line":116,"column":9}},"59":{"start":{"line":119,"column":4},"end":{"line":119,"column":52}},"60":{"start":{"line":124,"column":0},"end":{"line":134,"column":3}},"61":{"start":{"line":125,"column":2},"end":{"line":133,"column":3}},"62":{"start":{"line":126,"column":21},"end":{"line":126,"column":56}},"63":{"start":{"line":128,"column":4},"end":{"line":130,"column":5}},"64":{"start":{"line":129,"column":6},"end":{"line":129,"column":49}},"65":{"start":{"line":132,"column":4},"end":{"line":132,"column":52}},"66":{"start":{"line":136,"column":0},"end":{"line":153,"column":3}},"67":{"start":{"line":137,"column":15},"end":{"line":137,"column":29}},"68":{"start":{"line":139,"column":2},"end":{"line":152,"column":3}},"69":{"start":{"line":140,"column":20},"end":{"line":140,"column":71}},"70":{"start":{"line":142,"column":4},"end":{"line":144,"column":5}},"71":{"start":{"line":143,"column":6},"end":{"line":143,"column":48}},"72":{"start":{"line":145,"column":4},"end":{"line":149,"column":5}},"73":{"start":{"line":146,"column":6},"end":{"line":148,"column":9}},"74":{"start":{"line":151,"column":4},"end":{"line":151,"column":52}},"75":{"start":{"line":155,"column":0},"end":{"line":170,"column":3}},"76":{"start":{"line":156,"column":13},"end":{"line":156,"column":30}},"77":{"start":{"line":157,"column":26},"end":{"line":157,"column":68}},"78":{"start":{"line":159,"column":2},"end":{"line":163,"column":3}},"79":{"start":{"line":160,"column":4},"end":{"line":162,"column":7}},"80":{"start":{"line":164,"column":2},"end":{"line":169,"column":3}},"81":{"start":{"line":165,"column":4},"end":{"line":165,"column":53}},"82":{"start":{"line":166,"column":4},"end":{"line":166,"column":39}},"83":{"start":{"line":168,"column":4},"end":{"line":168,"column":52}},"84":{"start":{"line":172,"column":0},"end":{"line":218,"column":3}},"85":{"start":{"line":173,"column":21},"end":{"line":173,"column":33}},"86":{"start":{"line":175,"column":2},"end":{"line":188,"column":3}},"87":{"start":{"line":180,"column":4},"end":{"line":187,"column":5}},"88":{"start":{"line":181,"column":6},"end":{"line":186,"column":9}},"89":{"start":{"line":189,"column":23},"end":{"line":189,"column":47}},"90":{"start":{"line":191,"column":26},"end":{"line":193,"column":12}},"91":{"start":{"line":195,"column":2},"end":{"line":217,"column":3}},"92":{"start":{"line":196,"column":4},"end":{"line":214,"column":5}},"93":{"start":{"line":198,"column":4},"end":{"line":206,"column":5}},"94":{"start":{"line":208,"column":21},"end":{"line":208,"column":73}},"95":{"start":{"line":210,"column":6},"end":{"line":210,"column":56}},"96":{"start":{"line":212,"column":6},"end":{"line":213,"column":69}},"97":{"start":{"line":216,"column":4},"end":{"line":216,"column":52}},"98":{"start":{"line":220,"column":0},"end":{"line":257,"column":3}},"99":{"start":{"line":221,"column":26},"end":{"line":221,"column":38}},"100":{"start":{"line":223,"column":2},"end":{"line":236,"column":3}},"101":{"start":{"line":225,"column":4},"end":{"line":235,"column":5}},"102":{"start":{"line":226,"column":6},"end":{"line":234,"column":9}},"103":{"start":{"line":238,"column":2},"end":{"line":256,"column":3}},"104":{"start":{"line":239,"column":20},"end":{"line":241,"column":14}},"105":{"start":{"line":243,"column":4},"end":{"line":253,"column":5}},"106":{"start":{"line":244,"column":6},"end":{"line":245,"column":38}},"107":{"start":{"line":246,"column":21},"end":{"line":246,"column":79}},"108":{"start":{"line":248,"column":6},"end":{"line":248,"column":47}},"109":{"start":{"line":249,"column":11},"end":{"line":253,"column":5}},"110":{"start":{"line":250,"column":6},"end":{"line":252,"column":9}},"111":{"start":{"line":255,"column":4},"end":{"line":255,"column":52}},"112":{"start":{"line":260,"column":0},"end":{"line":285,"column":3}},"113":{"start":{"line":261,"column":20},"end":{"line":261,"column":37}},"114":{"start":{"line":262,"column":24},"end":{"line":262,"column":42}},"115":{"start":{"line":264,"column":22},"end":{"line":264,"column":79}},"116":{"start":{"line":266,"column":2},"end":{"line":273,"column":3}},"117":{"start":{"line":267,"column":4},"end":{"line":272,"column":7}},"118":{"start":{"line":268,"column":61},"end":{"line":268,"column":68}},"119":{"start":{"line":269,"column":21},"end":{"line":269,"column":66}},"120":{"start":{"line":271,"column":6},"end":{"line":271,"column":59}},"121":{"start":{"line":271,"column":34},"end":{"line":271,"column":57}},"122":{"start":{"line":274,"column":2},"end":{"line":284,"column":3}},"123":{"start":{"line":275,"column":4},"end":{"line":281,"column":5}},"124":{"start":{"line":276,"column":6},"end":{"line":276,"column":76}},"125":{"start":{"line":277,"column":11},"end":{"line":281,"column":5}},"126":{"start":{"line":278,"column":6},"end":{"line":280,"column":9}},"127":{"start":{"line":283,"column":4},"end":{"line":283,"column":52}},"128":{"start":{"line":287,"column":21},"end":{"line":294,"column":1}},"129":{"start":{"line":288,"column":21},"end":{"line":289,"column":45}},"130":{"start":{"line":290,"column":26},"end":{"line":291,"column":59}},"131":{"start":{"line":291,"column":4},"end":{"line":291,"column":48}},"132":{"start":{"line":293,"column":2},"end":{"line":293,"column":42}},"133":{"start":{"line":296,"column":0},"end":{"line":296,"column":21}}},"fnMap":{"0":{"name":"(anonymous_0)","decl":{"start":{"line":14,"column":13},"end":{"line":14,"column":14}},"loc":{"start":{"line":14,"column":41},"end":{"line":16,"column":1}},"line":14},"1":{"name":"(anonymous_1)","decl":{"start":{"line":18,"column":28},"end":{"line":18,"column":29}},"loc":{"start":{"line":18,"column":57},"end":{"line":28,"column":1}},"line":18},"2":{"name":"(anonymous_2)","decl":{"start":{"line":30,"column":32},"end":{"line":30,"column":33}},"loc":{"start":{"line":30,"column":61},"end":{"line":47,"column":1}},"line":30},"3":{"name":"(anonymous_3)","decl":{"start":{"line":49,"column":35},"end":{"line":49,"column":36}},"loc":{"start":{"line":49,"column":64},"end":{"line":66,"column":1}},"line":49},"4":{"name":"(anonymous_4)","decl":{"start":{"line":68,"column":29},"end":{"line":68,"column":30}},"loc":{"start":{"line":68,"column":58},"end":{"line":88,"column":1}},"line":68},"5":{"name":"(anonymous_5)","decl":{"start":{"line":90,"column":32},"end":{"line":90,"column":33}},"loc":{"start":{"line":90,"column":61},"end":{"line":121,"column":1}},"line":90},"6":{"name":"(anonymous_6)","decl":{"start":{"line":124,"column":28},"end":{"line":124,"column":29}},"loc":{"start":{"line":124,"column":57},"end":{"line":134,"column":1}},"line":124},"7":{"name":"(anonymous_7)","decl":{"start":{"line":136,"column":32},"end":{"line":136,"column":33}},"loc":{"start":{"line":136,"column":61},"end":{"line":153,"column":1}},"line":136},"8":{"name":"(anonymous_8)","decl":{"start":{"line":155,"column":35},"end":{"line":155,"column":36}},"loc":{"start":{"line":155,"column":64},"end":{"line":170,"column":1}},"line":155},"9":{"name":"(anonymous_9)","decl":{"start":{"line":172,"column":29},"end":{"line":172,"column":30}},"loc":{"start":{"line":172,"column":58},"end":{"line":218,"column":1}},"line":172},"10":{"name":"(anonymous_10)","decl":{"start":{"line":220,"column":32},"end":{"line":220,"column":33}},"loc":{"start":{"line":220,"column":61},"end":{"line":257,"column":1}},"line":220},"11":{"name":"(anonymous_11)","decl":{"start":{"line":260,"column":41},"end":{"line":260,"column":42}},"loc":{"start":{"line":260,"column":70},"end":{"line":285,"column":1}},"line":260},"12":{"name":"(anonymous_12)","decl":{"start":{"line":267,"column":41},"end":{"line":267,"column":42}},"loc":{"start":{"line":267,"column":52},"end":{"line":272,"column":5}},"line":267},"13":{"name":"(anonymous_13)","decl":{"start":{"line":271,"column":25},"end":{"line":271,"column":26}},"loc":{"start":{"line":271,"column":34},"end":{"line":271,"column":57}},"line":271},"14":{"name":"(anonymous_14)","decl":{"start":{"line":287,"column":21},"end":{"line":287,"column":22}},"loc":{"start":{"line":287,"column":37},"end":{"line":294,"column":1}},"line":287},"15":{"name":"(anonymous_15)","decl":{"start":{"line":290,"column":41},"end":{"line":290,"column":42}},"loc":{"start":{"line":291,"column":4},"end":{"line":291,"column":48}},"line":291}},"branchMap":{"0":{"loc":{"start":{"line":1,"column":20},"end":{"line":1,"column":57}},"type":"binary-expr","locations":[{"start":{"line":1,"column":20},"end":{"line":1,"column":40}},{"start":{"line":1,"column":44},"end":{"line":1,"column":57}}],"line":1},"1":{"loc":{"start":{"line":22,"column":4},"end":{"line":24,"column":5}},"type":"if","locations":[{"start":{"line":22,"column":4},"end":{"line":24,"column":5}},{"start":{"line":22,"column":4},"end":{"line":24,"column":5}}],"line":22},"2":{"loc":{"start":{"line":36,"column":4},"end":{"line":38,"column":5}},"type":"if","locations":[{"start":{"line":36,"column":4},"end":{"line":38,"column":5}},{"start":{"line":36,"column":4},"end":{"line":38,"column":5}}],"line":36},"3":{"loc":{"start":{"line":39,"column":4},"end":{"line":43,"column":5}},"type":"if","locations":[{"start":{"line":39,"column":4},"end":{"line":43,"column":5}},{"start":{"line":39,"column":4},"end":{"line":43,"column":5}}],"line":39},"4":{"loc":{"start":{"line":53,"column":2},"end":{"line":57,"column":3}},"type":"if","locations":[{"start":{"line":53,"column":2},"end":{"line":57,"column":3}},{"start":{"line":53,"column":2},"end":{"line":57,"column":3}}],"line":53},"5":{"loc":{"start":{"line":72,"column":4},"end":{"line":76,"column":5}},"type":"if","locations":[{"start":{"line":72,"column":4},"end":{"line":76,"column":5}},{"start":{"line":72,"column":4},"end":{"line":76,"column":5}}],"line":72},"6":{"loc":{"start":{"line":95,"column":4},"end":{"line":100,"column":5}},"type":"if","locations":[{"start":{"line":95,"column":4},"end":{"line":100,"column":5}},{"start":{"line":95,"column":4},"end":{"line":100,"column":5}}],"line":95},"7":{"loc":{"start":{"line":106,"column":4},"end":{"line":117,"column":5}},"type":"if","locations":[{"start":{"line":106,"column":4},"end":{"line":117,"column":5}},{"start":{"line":106,"column":4},"end":{"line":117,"column":5}}],"line":106},"8":{"loc":{"start":{"line":113,"column":11},"end":{"line":117,"column":5}},"type":"if","locations":[{"start":{"line":113,"column":11},"end":{"line":117,"column":5}},{"start":{"line":113,"column":11},"end":{"line":117,"column":5}}],"line":113},"9":{"loc":{"start":{"line":128,"column":4},"end":{"line":130,"column":5}},"type":"if","locations":[{"start":{"line":128,"column":4},"end":{"line":130,"column":5}},{"start":{"line":128,"column":4},"end":{"line":130,"column":5}}],"line":128},"10":{"loc":{"start":{"line":142,"column":4},"end":{"line":144,"column":5}},"type":"if","locations":[{"start":{"line":142,"column":4},"end":{"line":144,"column":5}},{"start":{"line":142,"column":4},"end":{"line":144,"column":5}}],"line":142},"11":{"loc":{"start":{"line":145,"column":4},"end":{"line":149,"column":5}},"type":"if","locations":[{"start":{"line":145,"column":4},"end":{"line":149,"column":5}},{"start":{"line":145,"column":4},"end":{"line":149,"column":5}}],"line":145},"12":{"loc":{"start":{"line":159,"column":2},"end":{"line":163,"column":3}},"type":"if","locations":[{"start":{"line":159,"column":2},"end":{"line":163,"column":3}},{"start":{"line":159,"column":2},"end":{"line":163,"column":3}}],"line":159},"13":{"loc":{"start":{"line":180,"column":4},"end":{"line":187,"column":5}},"type":"if","locations":[{"start":{"line":180,"column":4},"end":{"line":187,"column":5}},{"start":{"line":180,"column":4},"end":{"line":187,"column":5}}],"line":180},"14":{"loc":{"start":{"line":196,"column":4},"end":{"line":214,"column":5}},"type":"if","locations":[{"start":{"line":196,"column":4},"end":{"line":214,"column":5}},{"start":{"line":196,"column":4},"end":{"line":214,"column":5}}],"line":196},"15":{"loc":{"start":{"line":225,"column":4},"end":{"line":235,"column":5}},"type":"if","locations":[{"start":{"line":225,"column":4},"end":{"line":235,"column":5}},{"start":{"line":225,"column":4},"end":{"line":235,"column":5}}],"line":225},"16":{"loc":{"start":{"line":243,"column":4},"end":{"line":253,"column":5}},"type":"if","locations":[{"start":{"line":243,"column":4},"end":{"line":253,"column":5}},{"start":{"line":243,"column":4},"end":{"line":253,"column":5}}],"line":243},"17":{"loc":{"start":{"line":249,"column":11},"end":{"line":253,"column":5}},"type":"if","locations":[{"start":{"line":249,"column":11},"end":{"line":253,"column":5}},{"start":{"line":249,"column":11},"end":{"line":253,"column":5}}],"line":249},"18":{"loc":{"start":{"line":266,"column":2},"end":{"line":273,"column":3}},"type":"if","locations":[{"start":{"line":266,"column":2},"end":{"line":273,"column":3}},{"start":{"line":266,"column":2},"end":{"line":273,"column":3}}],"line":266},"19":{"loc":{"start":{"line":275,"column":4},"end":{"line":281,"column":5}},"type":"if","locations":[{"start":{"line":275,"column":4},"end":{"line":281,"column":5}},{"start":{"line":275,"column":4},"end":{"line":281,"column":5}}],"line":275},"20":{"loc":{"start":{"line":277,"column":11},"end":{"line":281,"column":5}},"type":"if","locations":[{"start":{"line":277,"column":11},"end":{"line":281,"column":5}},{"start":{"line":277,"column":11},"end":{"line":281,"column":5}}],"line":277}},"s":{"0":1,"1":1,"2":1,"3":1,"4":1,"5":1,"6":1,"7":1,"8":1,"9":0,"10":1,"11":1,"12":1,"13":1,"14":1,"15":0,"16":1,"17":2,"18":2,"19":2,"20":2,"21":1,"22":1,"23":1,"24":0,"25":1,"26":2,"27":2,"28":2,"29":1,"30":1,"31":1,"32":1,"33":1,"34":0,"35":1,"36":2,"37":2,"38":2,"39":1,"40":1,"41":1,"42":1,"43":1,"44":0,"45":1,"46":3,"47":3,"48":3,"49":3,"50":1,"51":2,"52":2,"53":2,"54":1,"55":1,"56":1,"57":1,"58":1,"59":0,"60":1,"61":1,"62":1,"63":1,"64":1,"65":0,"66":1,"67":2,"68":2,"69":2,"70":2,"71":1,"72":1,"73":1,"74":0,"75":1,"76":2,"77":2,"78":2,"79":1,"80":1,"81":1,"82":1,"83":0,"84":1,"85":3,"86":3,"87":16,"88":1,"89":2,"90":2,"91":2,"92":2,"93":1,"94":1,"95":1,"96":1,"97":0,"98":1,"99":2,"100":2,"101":12,"102":0,"103":2,"104":2,"105":2,"106":1,"107":1,"108":1,"109":1,"110":1,"111":0,"112":1,"113":2,"114":2,"115":2,"116":2,"117":0,"118":0,"119":0,"120":0,"121":0,"122":2,"123":2,"124":1,"125":1,"126":1,"127":0,"128":1,"129":3,"130":3,"131":9,"132":3,"133":1},"f":{"0":0,"1":1,"2":2,"3":2,"4":2,"5":3,"6":1,"7":2,"8":2,"9":3,"10":2,"11":2,"12":0,"13":0,"14":3,"15":9},"b":{"0":[1,0],"1":[1,0],"2":[1,1],"3":[1,0],"4":[1,1],"5":[1,1],"6":[1,2],"7":[1,1],"8":[1,0],"9":[1,0],"10":[1,1],"11":[1,0],"12":[1,1],"13":[1,15],"14":[1,1],"15":[0,12],"16":[1,1],"17":[1,0],"18":[0,2],"19":[1,1],"20":[1,0]},"_coverageSchema":"43e27e138ebf9cfc5966b082cf9a028302ed4184","hash":"bea47b9d2d6317b81240a3508f2aef0c9a66c19f"}
,"/Users/michaelking-stockton/turing/mod4/pallet-picker/be-pallet-picker/knexfile.js": {"path":"/Users/michaelking-stockton/turing/mod4/pallet-picker/be-pallet-picker/knexfile.js","statementMap":{"0":{"start":{"line":3,"column":0},"end":{"line":40,"column":2}}},"fnMap":{},"branchMap":{},"s":{"0":1},"f":{},"b":{},"_coverageSchema":"43e27e138ebf9cfc5966b082cf9a028302ed4184","hash":"eb1570e9050ff5f9744e29f34363cae0f7aacc5d"}
,"/Users/michaelking-stockton/turing/mod4/pallet-picker/be-pallet-picker/seedData.js": {"path":"/Users/michaelking-stockton/turing/mod4/pallet-picker/be-pallet-picker/seedData.js","statementMap":{"0":{"start":{"line":1,"column":21},"end":{"line":36,"column":1}},"1":{"start":{"line":38,"column":0},"end":{"line":38,"column":30}}},"fnMap":{},"branchMap":{},"s":{"0":1,"1":1},"f":{},"b":{},"_coverageSchema":"43e27e138ebf9cfc5966b082cf9a028302ed4184","hash":"084624919b2387f035a027f12e371a5cf0e30b5d"}
,"/Users/michaelking-stockton/turing/mod4/pallet-picker/be-pallet-picker/db/seeds/test/project_test.js": {"path":"/Users/michaelking-stockton/turing/mod4/pallet-picker/be-pallet-picker/db/seeds/test/project_test.js","statementMap":{"0":{"start":{"line":2,"column":21},"end":{"line":2,"column":49}},"1":{"start":{"line":4,"column":22},"end":{"line":26,"column":1}},"2":{"start":{"line":5,"column":2},"end":{"line":25,"column":4}},"3":{"start":{"line":9,"column":29},"end":{"line":9,"column":31}},"4":{"start":{"line":11,"column":4},"end":{"line":23,"column":6}},"5":{"start":{"line":12,"column":6},"end":{"line":22,"column":7}},"6":{"start":{"line":24,"column":4},"end":{"line":24,"column":40}},"7":{"start":{"line":28,"column":22},"end":{"line":30,"column":1}},"8":{"start":{"line":29,"column":2},"end":{"line":29,"column":41}},"9":{"start":{"line":32,"column":0},"end":{"line":46,"column":2}},"10":{"start":{"line":34,"column":2},"end":{"line":45,"column":65}},"11":{"start":{"line":35,"column":16},"end":{"line":35,"column":38}},"12":{"start":{"line":37,"column":29},"end":{"line":37,"column":31}},"13":{"start":{"line":39,"column":6},"end":{"line":41,"column":9}},"14":{"start":{"line":40,"column":8},"end":{"line":40,"column":57}},"15":{"start":{"line":43,"column":6},"end":{"line":43,"column":40}},"16":{"start":{"line":45,"column":20},"end":{"line":45,"column":63}}},"fnMap":{"0":{"name":"(anonymous_0)","decl":{"start":{"line":4,"column":22},"end":{"line":4,"column":23}},"loc":{"start":{"line":4,"column":41},"end":{"line":26,"column":1}},"line":4},"1":{"name":"(anonymous_1)","decl":{"start":{"line":8,"column":8},"end":{"line":8,"column":9}},"loc":{"start":{"line":8,"column":21},"end":{"line":25,"column":3}},"line":8},"2":{"name":"(anonymous_2)","decl":{"start":{"line":11,"column":29},"end":{"line":11,"column":30}},"loc":{"start":{"line":11,"column":40},"end":{"line":23,"column":5}},"line":11},"3":{"name":"(anonymous_3)","decl":{"start":{"line":28,"column":22},"end":{"line":28,"column":23}},"loc":{"start":{"line":28,"column":41},"end":{"line":30,"column":1}},"line":28},"4":{"name":"(anonymous_4)","decl":{"start":{"line":32,"column":15},"end":{"line":32,"column":16}},"loc":{"start":{"line":32,"column":30},"end":{"line":46,"column":1}},"line":32},"5":{"name":"(anonymous_5)","decl":{"start":{"line":35,"column":10},"end":{"line":35,"column":11}},"loc":{"start":{"line":35,"column":16},"end":{"line":35,"column":38}},"line":35},"6":{"name":"(anonymous_6)","decl":{"start":{"line":36,"column":10},"end":{"line":36,"column":11}},"loc":{"start":{"line":36,"column":17},"end":{"line":44,"column":5}},"line":36},"7":{"name":"(anonymous_7)","decl":{"start":{"line":39,"column":27},"end":{"line":39,"column":28}},"loc":{"start":{"line":39,"column":38},"end":{"line":41,"column":7}},"line":39},"8":{"name":"(anonymous_8)","decl":{"start":{"line":45,"column":11},"end":{"line":45,"column":12}},"loc":{"start":{"line":45,"column":20},"end":{"line":45,"column":63}},"line":45}},"branchMap":{},"s":{"0":1,"1":1,"2":44,"3":44,"4":44,"5":66,"6":44,"7":1,"8":66,"9":1,"10":22,"11":22,"12":22,"13":22,"14":44,"15":22,"16":0},"f":{"0":44,"1":44,"2":66,"3":66,"4":22,"5":22,"6":22,"7":44,"8":0},"b":{},"_coverageSchema":"43e27e138ebf9cfc5966b082cf9a028302ed4184","hash":"f5ad8e0c92986774d62a849d28b5b5c3ecb45ae2"}
}
