TN:
SF:/Users/michaelking-stockton/turing/mod4/pallet-picker/be-pallet-picker/app.js
FN:14,(anonymous_0)
FN:18,(anonymous_1)
FN:30,(anonymous_2)
FN:49,(anonymous_3)
FN:68,(anonymous_4)
FN:90,(anonymous_5)
FN:124,(anonymous_6)
FN:136,(anonymous_7)
FN:155,(anonymous_8)
FN:172,(anonymous_9)
FN:220,(anonymous_10)
FN:260,(anonymous_11)
FN:267,(anonymous_12)
FN:271,(anonymous_13)
FN:287,(anonymous_14)
FN:290,(anonymous_15)
FNF:16
FNH:13
FNDA:0,(anonymous_0)
FNDA:1,(anonymous_1)
FNDA:2,(anonymous_2)
FNDA:2,(anonymous_3)
FNDA:2,(anonymous_4)
FNDA:3,(anonymous_5)
FNDA:1,(anonymous_6)
FNDA:2,(anonymous_7)
FNDA:2,(anonymous_8)
FNDA:3,(anonymous_9)
FNDA:2,(anonymous_10)
FNDA:2,(anonymous_11)
FNDA:0,(anonymous_12)
FNDA:0,(anonymous_13)
FNDA:3,(anonymous_14)
FNDA:9,(anonymous_15)
DA:1,1
DA:2,1
DA:3,1
DA:4,1
DA:5,1
DA:8,1
DA:10,1
DA:12,1
DA:14,1
DA:15,0
DA:18,1
DA:19,1
DA:20,1
DA:22,1
DA:23,1
DA:26,0
DA:30,1
DA:31,2
DA:33,2
DA:34,2
DA:36,2
DA:37,1
DA:39,1
DA:40,1
DA:45,0
DA:49,1
DA:50,2
DA:51,2
DA:53,2
DA:54,1
DA:59,1
DA:60,1
DA:61,1
DA:62,1
DA:64,0
DA:68,1
DA:69,2
DA:71,2
DA:72,2
DA:73,1
DA:78,1
DA:80,1
DA:81,1
DA:84,1
DA:86,0
DA:90,1
DA:91,3
DA:92,3
DA:94,3
DA:95,3
DA:96,1
DA:103,2
DA:104,2
DA:106,2
DA:107,1
DA:110,1
DA:112,1
DA:113,1
DA:114,1
DA:119,0
DA:124,1
DA:125,1
DA:126,1
DA:128,1
DA:129,1
DA:132,0
DA:136,1
DA:137,2
DA:139,2
DA:140,2
DA:142,2
DA:143,1
DA:145,1
DA:146,1
DA:151,0
DA:155,1
DA:156,2
DA:157,2
DA:159,2
DA:160,1
DA:164,1
DA:165,1
DA:166,1
DA:168,0
DA:172,1
DA:173,3
DA:175,3
DA:180,16
DA:181,1
DA:189,2
DA:191,2
DA:195,2
DA:196,2
DA:198,1
DA:208,1
DA:210,1
DA:212,1
DA:216,0
DA:220,1
DA:221,2
DA:223,2
DA:225,12
DA:226,0
DA:238,2
DA:239,2
DA:243,2
DA:244,1
DA:246,1
DA:248,1
DA:249,1
DA:250,1
DA:255,0
DA:260,1
DA:261,2
DA:262,2
DA:264,2
DA:266,2
DA:267,0
DA:268,0
DA:269,0
DA:271,0
DA:274,2
DA:275,2
DA:276,1
DA:277,1
DA:278,1
DA:283,0
DA:287,1
DA:288,3
DA:290,3
DA:291,9
DA:293,3
DA:296,1
LF:133
LH:116
BRDA:1,0,0,1
BRDA:1,0,1,0
BRDA:22,1,0,1
BRDA:22,1,1,0
BRDA:36,2,0,1
BRDA:36,2,1,1
BRDA:39,3,0,1
BRDA:39,3,1,0
BRDA:53,4,0,1
BRDA:53,4,1,1
BRDA:72,5,0,1
BRDA:72,5,1,1
BRDA:95,6,0,1
BRDA:95,6,1,2
BRDA:106,7,0,1
BRDA:106,7,1,1
BRDA:113,8,0,1
BRDA:113,8,1,0
BRDA:128,9,0,1
BRDA:128,9,1,0
BRDA:142,10,0,1
BRDA:142,10,1,1
BRDA:145,11,0,1
BRDA:145,11,1,0
BRDA:159,12,0,1
BRDA:159,12,1,1
BRDA:180,13,0,1
BRDA:180,13,1,15
BRDA:196,14,0,1
BRDA:196,14,1,1
BRDA:225,15,0,0
BRDA:225,15,1,12
BRDA:243,16,0,1
BRDA:243,16,1,1
BRDA:249,17,0,1
BRDA:249,17,1,0
BRDA:266,18,0,0
BRDA:266,18,1,2
BRDA:275,19,0,1
BRDA:275,19,1,1
BRDA:277,20,0,1
BRDA:277,20,1,0
BRF:42
BRH:32
end_of_record
TN:
SF:/Users/michaelking-stockton/turing/mod4/pallet-picker/be-pallet-picker/knexfile.js
FNF:0
FNH:0
DA:3,1
LF:1
LH:1
BRF:0
BRH:0
end_of_record
TN:
SF:/Users/michaelking-stockton/turing/mod4/pallet-picker/be-pallet-picker/seedData.js
FNF:0
FNH:0
DA:1,1
DA:38,1
LF:2
LH:2
BRF:0
BRH:0
end_of_record
TN:
SF:/Users/michaelking-stockton/turing/mod4/pallet-picker/be-pallet-picker/db/seeds/test/project_test.js
FN:4,(anonymous_0)
FN:8,(anonymous_1)
FN:11,(anonymous_2)
FN:28,(anonymous_3)
FN:32,(anonymous_4)
FN:35,(anonymous_5)
FN:36,(anonymous_6)
FN:39,(anonymous_7)
FN:45,(anonymous_8)
FNF:9
FNH:8
FNDA:44,(anonymous_0)
FNDA:44,(anonymous_1)
FNDA:66,(anonymous_2)
FNDA:66,(anonymous_3)
FNDA:22,(anonymous_4)
FNDA:22,(anonymous_5)
FNDA:22,(anonymous_6)
FNDA:44,(anonymous_7)
FNDA:0,(anonymous_8)
DA:2,1
DA:4,1
DA:5,44
DA:9,44
DA:11,44
DA:12,66
DA:24,44
DA:28,1
DA:29,66
DA:32,1
DA:34,22
DA:35,22
DA:37,22
DA:39,22
DA:40,44
DA:43,22
DA:45,0
LF:17
LH:16
BRF:0
BRH:0
end_of_record
